<?xml version="1.0" encoding="UTF-8"?>
<!-- Generated by org.testng.reporters.JUnitReportReporter -->
<testsuite hostname="Abhilashs-MacBook-Air.local" failures="0" tests="6" name="rahulShettyAcademy.Tests.SubmitOrderTest" time="36.783" errors="0" timestamp="2025-05-05T18:24:23 IST" skipped="0">
  <testcase classname="rahulShettyAcademy.Tests.SubmitOrderTest" name="submitOrder" time="5.333"/>
  <testcase classname="rahulShettyAcademy.Tests.SubmitOrderTest" name="submitOrder" time="6.130"/>
  <testcase classname="rahulShettyAcademy.Tests.SubmitOrderTest" name="addProductToCartTest" time="14.641"/>
  <testcase classname="rahulShettyAcademy.Tests.SubmitOrderTest" name="orderHistoryTest" time="2.759"/>
  <testcase classname="rahulShettyAcademy.Tests.SubmitOrderTest" name="addProductToCartTest" time="4.701"/>
  <testcase classname="rahulShettyAcademy.Tests.SubmitOrderTest" name="orderHistoryTest" time="3.219"/>
</testsuite> <!-- rahulShettyAcademy.Tests.SubmitOrderTest -->
