<?xml version="1.0" encoding="UTF-8"?>
<!-- Generated by org.testng.reporters.JUnitReportReporter -->
<testsuite hostname="Abhilashs-MacBook-Air.local" failures="0" tests="6" name="rahulShettyAcademy.Tests.SubmitOrderTest" time="27.133" errors="0" timestamp="2025-05-06T06:24:39 IST" skipped="0">
  <testcase classname="rahulShettyAcademy.Tests.SubmitOrderTest" name="addProductToCartTest" time="5.608"/>
  <testcase classname="rahulShettyAcademy.Tests.SubmitOrderTest" name="orderHistoryTest" time="1.975"/>
  <testcase classname="rahulShettyAcademy.Tests.SubmitOrderTest" name="submitOrder" time="5.282"/>
  <testcase classname="rahulShettyAcademy.Tests.SubmitOrderTest" name="addProductToCartTest" time="7.037"/>
  <testcase classname="rahulShettyAcademy.Tests.SubmitOrderTest" name="orderHistoryTest" time="1.884"/>
  <testcase classname="rahulShettyAcademy.Tests.SubmitOrderTest" name="submitOrder" time="5.347"/>
</testsuite> <!-- rahulShettyAcademy.Tests.SubmitOrderTest -->
