<?xml version="1.0" encoding="UTF-8"?>
<!-- Generated by org.testng.reporters.JUnitReportReporter -->
<testsuite hostname="Abhilashs-MacBook-Air.local" failures="0" tests="2" name="rahulShettyAcademy.Tests.ErrorValidationsTest" time="19.102" errors="0" timestamp="2025-05-06T06:24:39 IST" skipped="0">
  <testcase classname="rahulShettyAcademy.Tests.ErrorValidationsTest" name="loginErrorValidation" time="4.357"/>
  <testcase classname="rahulShettyAcademy.Tests.ErrorValidationsTest" name="productErrorValidation" time="14.745"/>
</testsuite> <!-- rahulShettyAcademy.Tests.ErrorValidationsTest -->
